<?xml version="1.0" encoding="UTF-8"?>
<!-- Generated by org.testng.reporters.JUnitReportReporter -->
<testsuite ignored="1" hostname="LAPTOP-KMCT746B" failures="0" tests="1" name="com.batch.automation.test.LoginToMoneyControlTest" time="85.978" errors="0" timestamp="18 Feb 2022 17:02:44 GMT" skipped="0">
  <testcase classname="com.batch.automation.test.LoginToMoneyControlTest" name="loginTest" time="85.978"/>
  <testcase classname="com.batch.automation.test.LoginToMoneyControlTest" name="findFunds">
    <skipped/>
  </testcase> <!-- findFunds -->
</testsuite> <!-- com.batch.automation.test.LoginToMoneyControlTest -->
